Starting a Gradle Daemon, 1 incompatible and 1 stopped Daemons could not be reused, use --status for details

> Configure project :
Setting up default git config
Setting core.hooksPath = gradle/githooks
Setting blame.ignoreRevsFile = .git-blame-ignore-revs
Setting branch.autoSetupMerge = true
Setting branch.autoSetupRebase = always
Setting pull.rebase = true

> Task :dependencies

------------------------------------------------------------
Root project 'venice'
------------------------------------------------------------

annotationProcessor - Annotation processors and their dependencies for source set 'main'.
No dependencies

apiElements - API elements for main. (n)
No dependencies

archives - Configuration for archive artifacts. (n)
No dependencies

compileClasspath - Compile classpath for source set 'main'.
No dependencies

compileOnly - Compile only dependencies for source set 'main'. (n)
No dependencies

default - Configuration for default artifacts. (n)
No dependencies

implementation - Implementation only dependencies for source set 'main'. (n)
No dependencies

runtimeClasspath - Runtime classpath of source set 'main'.
No dependencies

runtimeElements - Elements of runtime for main. (n)
No dependencies

runtimeOnly - Runtime only dependencies for source set 'main'. (n)
No dependencies

testAnnotationProcessor - Annotation processors and their dependencies for source set 'test'.
No dependencies

testCompileClasspath - Compile classpath for source set 'test'.
No dependencies

testCompileOnly - Compile only dependencies for source set 'test'. (n)
No dependencies

testImplementation - Implementation only dependencies for source set 'test'. (n)
No dependencies

testRuntimeClasspath - Runtime classpath of source set 'test'.
No dependencies

testRuntimeOnly - Runtime only dependencies for source set 'test'. (n)
No dependencies

A web-based, searchable dependency report is available by adding the --scan option.

Deprecated Gradle features were used in this build, making it incompatible with Gradle 7.0.
Use '--warning-mode all' to show the individual deprecation warnings.
See https://docs.gradle.org/6.9.3/userguide/command_line_interface.html#sec:command_line_warnings

BUILD SUCCESSFUL in 5s
1 actionable task: 1 executed
